build/app/intermediates/manifest_merge_blame_file/release/manifest-merger-blame-release-report.txt
1<?xml version="1.0" encoding="utf-8"?>
2<manifest xmlns:android="http://schemas.android.com/apk/res/android"
3    package="cherriteam.sellermodule.multivendor"
4    android:versionCode="3"
5    android:versionName="1.0.1" >
6
7    <uses-sdk
8        android:minSdkVersion="21"
8-->src\main\AndroidManifest.xml
9        android:targetSdkVersion="32" />
9-->src\main\AndroidManifest.xml
10
11    <uses-permission android:name="android.permission.INTERNET" />
11-->src\main\AndroidManifest.xml:4:5-67
11-->src\main\AndroidManifest.xml:4:22-64
12    <uses-permission android:name="android.permission.WAKE_LOCK" />
12-->[:firebase_messaging] AndroidManifest.xml:8:5-68
12-->[:firebase_messaging] AndroidManifest.xml:8:22-65
13    <uses-permission android:name="android.permission.ACCESS_NETWORK_STATE" />
13-->[:firebase_messaging] AndroidManifest.xml:9:5-79
13-->[:firebase_messaging] AndroidManifest.xml:9:22-76
14    <uses-permission android:name="android.permission.READ_EXTERNAL_STORAGE" />
14-->[:file_picker] AndroidManifest.xml:7:5-80
14-->[:file_picker] AndroidManifest.xml:7:22-77
15
16    <queries>
16-->[:file_picker] AndroidManifest.xml:9:5-15:15
17        <intent>
17-->[:file_picker] AndroidManifest.xml:10:9-14:18
18            <action android:name="android.intent.action.GET_CONTENT" />
18-->[:file_picker] AndroidManifest.xml:11:13-72
18-->[:file_picker] AndroidManifest.xml:11:21-69
19
20            <data android:mimeType="*/*" />
20-->[:file_picker] AndroidManifest.xml:13:13-44
20-->[:file_picker] AndroidManifest.xml:13:19-41
21        </intent>
22        <intent>
22-->[:flutter_inappwebview] AndroidManifest.xml:8:9-10:18
23            <action android:name="android.support.customtabs.action.CustomTabsService" />
23-->[:flutter_inappwebview] AndroidManifest.xml:9:13-90
23-->[:flutter_inappwebview] AndroidManifest.xml:9:21-87
24        </intent>
25        <intent>
25-->[androidx.media2:media2-session:1.2.0] AndroidManifest.xml:25:9-27:18
26            <action android:name="android.media.browse.MediaBrowserService" />
26-->[androidx.media2:media2-session:1.2.0] AndroidManifest.xml:26:13-79
26-->[androidx.media2:media2-session:1.2.0] AndroidManifest.xml:26:21-76
27        </intent>
28        <intent>
28-->[androidx.media2:media2-session:1.2.0] AndroidManifest.xml:28:9-30:18
29            <action android:name="androidx.media2.session.MediaSessionService" />
29-->[androidx.media2:media2-session:1.2.0] AndroidManifest.xml:29:13-82
29-->[androidx.media2:media2-session:1.2.0] AndroidManifest.xml:29:21-79
30        </intent>
31        <intent>
31-->[androidx.media2:media2-session:1.2.0] AndroidManifest.xml:31:9-33:18
32            <action android:name="androidx.media2.session.MediaLibraryService" />
32-->[androidx.media2:media2-session:1.2.0] AndroidManifest.xml:32:13-82
32-->[androidx.media2:media2-session:1.2.0] AndroidManifest.xml:32:21-79
33        </intent>
34    </queries>
35
36    <uses-permission android:name="android.permission.RECEIVE_BOOT_COMPLETED" />
36-->[:flutter_local_notifications] AndroidManifest.xml:7:5-81
36-->[:flutter_local_notifications] AndroidManifest.xml:7:22-78
37    <uses-permission android:name="android.permission.VIBRATE" />
37-->[:flutter_local_notifications] AndroidManifest.xml:8:5-66
37-->[:flutter_local_notifications] AndroidManifest.xml:8:22-63
38    <uses-permission android:name="android.permission.USE_FULL_SCREEN_INTENT" />
38-->[:flutter_local_notifications] AndroidManifest.xml:9:5-81
38-->[:flutter_local_notifications] AndroidManifest.xml:9:22-78
39    <uses-permission android:name="android.permission.SCHEDULE_EXACT_ALARM" />
39-->[:flutter_local_notifications] AndroidManifest.xml:10:5-79
39-->[:flutter_local_notifications] AndroidManifest.xml:10:22-76
40    <uses-permission android:name="android.permission.POST_NOTIFICATIONS" /> <!-- Required by older versions of Google Play services to create IID tokens -->
40-->[com.google.firebase:firebase-messaging:23.1.0] AndroidManifest.xml:25:5-77
40-->[com.google.firebase:firebase-messaging:23.1.0] AndroidManifest.xml:25:22-74
41    <uses-permission android:name="com.google.android.c2dm.permission.RECEIVE" />
41-->[com.google.firebase:firebase-messaging:23.1.0] AndroidManifest.xml:28:5-82
41-->[com.google.firebase:firebase-messaging:23.1.0] AndroidManifest.xml:28:22-79
42    <uses-permission android:name="com.google.android.gms.permission.AD_ID" />
42-->[com.google.android.gms:play-services-measurement-api:21.2.0] AndroidManifest.xml:25:5-79
42-->[com.google.android.gms:play-services-measurement-api:21.2.0] AndroidManifest.xml:25:22-76
43    <uses-permission android:name="com.google.android.finsky.permission.BIND_GET_INSTALL_REFERRER_SERVICE" />
43-->[com.google.android.gms:play-services-measurement:21.2.0] AndroidManifest.xml:26:5-110
43-->[com.google.android.gms:play-services-measurement:21.2.0] AndroidManifest.xml:26:22-107
44
45    <application
45-->src\main\AndroidManifest.xml:6:5-50:19
46        android:appComponentFactory="androidx.core.app.CoreComponentFactory"
46-->[androidx.core:core:1.7.0] AndroidManifest.xml:24:18-86
47        android:icon="@mipmap/ic_launcher"
47-->src\main\AndroidManifest.xml:7:9-43
48        android:label="Seller Module - eShop"
48-->src\main\AndroidManifest.xml:8:9-46
49        android:usesCleartextTraffic="true" >
49-->src\main\AndroidManifest.xml:9:9-44
50        <activity
50-->src\main\AndroidManifest.xml:11:10-38:20
51            android:name="cherriteam.sellermodule.multivendor.MainActivity"
51-->src\main\AndroidManifest.xml:12:13-41
52            android:configChanges="orientation|keyboardHidden|keyboard|screenSize|smallestScreenSize|locale|layoutDirection|fontScale|screenLayout|density|uiMode"
52-->src\main\AndroidManifest.xml:16:13-163
53            android:exported="true"
53-->src\main\AndroidManifest.xml:13:13-36
54            android:hardwareAccelerated="true"
54-->src\main\AndroidManifest.xml:17:13-47
55            android:launchMode="singleTop"
55-->src\main\AndroidManifest.xml:14:13-43
56            android:theme="@style/LaunchTheme"
56-->src\main\AndroidManifest.xml:15:13-47
57            android:windowSoftInputMode="adjustResize" >
57-->src\main\AndroidManifest.xml:18:13-55
58
59            <!--
60                 Specifies an Android theme to apply to this Activity as soon as
61                 the Android process has started. This theme is visible to the user
62                 while the Flutter UI initializes. After that, this theme continues
63                 to determine the Window background behind the Flutter UI.
64            -->
65            <meta-data
65-->src\main\AndroidManifest.xml:23:13-25:66
66                android:name="io.flutter.embedding.android.SplashScreenDrawable"
66-->src\main\AndroidManifest.xml:24:17-81
67                android:resource="@drawable/launch_background" />
67-->src\main\AndroidManifest.xml:25:17-63
68            <meta-data
68-->src\main\AndroidManifest.xml:26:17-28:61
69                android:name="com.google.firebase.messaging.default_notification_icon"
69-->src\main\AndroidManifest.xml:27:19-89
70                android:resource="@drawable/ic_launcher" />
70-->src\main\AndroidManifest.xml:28:18-58
71              />
72            <intent-filter>
72-->src\main\AndroidManifest.xml:30:13-33:29
73                <action android:name="android.intent.action.MAIN" />
73-->src\main\AndroidManifest.xml:31:17-68
73-->src\main\AndroidManifest.xml:31:25-66
74
75                <category android:name="android.intent.category.LAUNCHER" />
75-->src\main\AndroidManifest.xml:32:17-76
75-->src\main\AndroidManifest.xml:32:27-74
76            </intent-filter>
77            <intent-filter>
77-->src\main\AndroidManifest.xml:34:13-37:29
78                <action android:name="FLUTTER_NOTIFICATION_CLICK" />
78-->src\main\AndroidManifest.xml:35:17-68
78-->src\main\AndroidManifest.xml:35:25-66
79
80                <category android:name="android.intent.category.DEFAULT" />
80-->src\main\AndroidManifest.xml:36:17-75
80-->src\main\AndroidManifest.xml:36:27-73
81            </intent-filter>
82        </activity>
83        <!--
84             Don't delete the meta-data below.
85             This is used by the Flutter tool to generate GeneratedPluginRegistrant.java
86        -->
87        <meta-data
87-->src\main\AndroidManifest.xml:41:9-43:55
88            android:name="vn.hunghd.flutterdownloader.NOTIFICATION_ICON"
88-->src\main\AndroidManifest.xml:42:13-73
89            android:resource="@drawable/ic_launcher" />
89-->src\main\AndroidManifest.xml:43:13-53
90        <meta-data
90-->src\main\AndroidManifest.xml:26:17-28:61
91            android:name="com.google.firebase.messaging.default_notification_icon"
91-->src\main\AndroidManifest.xml:27:19-89
92            android:resource="@drawable/ic_launcher" />
92-->src\main\AndroidManifest.xml:28:18-58
93        <meta-data
93-->src\main\AndroidManifest.xml:47:9-49:33
94            android:name="flutterEmbedding"
94-->src\main\AndroidManifest.xml:48:13-44
95            android:value="2" />
95-->src\main\AndroidManifest.xml:49:13-30
96
97        <service
97-->[:firebase_auth] AndroidManifest.xml:8:9-12:19
98            android:name="com.google.firebase.components.ComponentDiscoveryService"
98-->[:firebase_auth] AndroidManifest.xml:8:18-89
99            android:directBootAware="true"
99-->[com.google.firebase:firebase-common:20.2.0] AndroidManifest.xml:34:13-43
100            android:exported="false" >
100-->[com.google.firebase:firebase-analytics-ktx:21.2.0] AndroidManifest.xml:10:13-37
101            <meta-data
101-->[:firebase_auth] AndroidManifest.xml:9:13-11:85
102                android:name="com.google.firebase.components:io.flutter.plugins.firebase.auth.FlutterFirebaseAuthRegistrar"
102-->[:firebase_auth] AndroidManifest.xml:10:17-124
103                android:value="com.google.firebase.components.ComponentRegistrar" />
103-->[:firebase_auth] AndroidManifest.xml:11:17-82
104            <meta-data
104-->[:firebase_messaging] AndroidManifest.xml:34:13-36:85
105                android:name="com.google.firebase.components:io.flutter.plugins.firebase.messaging.FlutterFirebaseAppRegistrar"
105-->[:firebase_messaging] AndroidManifest.xml:35:17-128
106                android:value="com.google.firebase.components.ComponentRegistrar" />
106-->[:firebase_messaging] AndroidManifest.xml:36:17-82
107            <meta-data
107-->[:firebase_core] AndroidManifest.xml:9:13-11:85
108                android:name="com.google.firebase.components:io.flutter.plugins.firebase.core.FlutterFirebaseCoreRegistrar"
108-->[:firebase_core] AndroidManifest.xml:10:17-124
109                android:value="com.google.firebase.components.ComponentRegistrar" />
109-->[:firebase_core] AndroidManifest.xml:11:17-82
110            <meta-data
110-->[com.google.firebase:firebase-analytics-ktx:21.2.0] AndroidManifest.xml:11:13-13:85
111                android:name="com.google.firebase.components:com.google.firebase.analytics.ktx.FirebaseAnalyticsKtxRegistrar"
111-->[com.google.firebase:firebase-analytics-ktx:21.2.0] AndroidManifest.xml:12:17-126
112                android:value="com.google.firebase.components.ComponentRegistrar" />
112-->[com.google.firebase:firebase-analytics-ktx:21.2.0] AndroidManifest.xml:13:17-82
113            <meta-data
113-->[com.google.firebase:firebase-common-ktx:20.2.0] AndroidManifest.xml:14:13-16:85
114                android:name="com.google.firebase.components:com.google.firebase.ktx.FirebaseCommonKtxRegistrar"
114-->[com.google.firebase:firebase-common-ktx:20.2.0] AndroidManifest.xml:15:17-113
115                android:value="com.google.firebase.components.ComponentRegistrar" />
115-->[com.google.firebase:firebase-common-ktx:20.2.0] AndroidManifest.xml:16:17-82
116            <meta-data
116-->[com.google.firebase:firebase-messaging:23.1.0] AndroidManifest.xml:55:13-57:85
117                android:name="com.google.firebase.components:com.google.firebase.messaging.FirebaseMessagingRegistrar"
117-->[com.google.firebase:firebase-messaging:23.1.0] AndroidManifest.xml:56:17-119
118                android:value="com.google.firebase.components.ComponentRegistrar" />
118-->[com.google.firebase:firebase-messaging:23.1.0] AndroidManifest.xml:57:17-82
119            <meta-data
119-->[com.google.firebase:firebase-datatransport:18.1.7] AndroidManifest.xml:27:13-29:85
120                android:name="com.google.firebase.components:com.google.firebase.datatransport.TransportRegistrar"
120-->[com.google.firebase:firebase-datatransport:18.1.7] AndroidManifest.xml:28:17-115
121                android:value="com.google.firebase.components.ComponentRegistrar" />
121-->[com.google.firebase:firebase-datatransport:18.1.7] AndroidManifest.xml:29:17-82
122            <meta-data
122-->[com.google.firebase:firebase-auth:21.1.0] AndroidManifest.xml:67:13-69:85
123                android:name="com.google.firebase.components:com.google.firebase.auth.FirebaseAuthRegistrar"
123-->[com.google.firebase:firebase-auth:21.1.0] AndroidManifest.xml:68:17-109
124                android:value="com.google.firebase.components.ComponentRegistrar" />
124-->[com.google.firebase:firebase-auth:21.1.0] AndroidManifest.xml:69:17-82
125            <meta-data
125-->[com.google.android.gms:play-services-measurement-api:21.2.0] AndroidManifest.xml:31:13-33:85
126                android:name="com.google.firebase.components:com.google.firebase.analytics.connector.internal.AnalyticsConnectorRegistrar"
126-->[com.google.android.gms:play-services-measurement-api:21.2.0] AndroidManifest.xml:32:17-139
127                android:value="com.google.firebase.components.ComponentRegistrar" />
127-->[com.google.android.gms:play-services-measurement-api:21.2.0] AndroidManifest.xml:33:17-82
128            <meta-data
128-->[com.google.firebase:firebase-installations:17.1.0] AndroidManifest.xml:17:13-19:85
129                android:name="com.google.firebase.components:com.google.firebase.installations.FirebaseInstallationsRegistrar"
129-->[com.google.firebase:firebase-installations:17.1.0] AndroidManifest.xml:18:17-127
130                android:value="com.google.firebase.components.ComponentRegistrar" />
130-->[com.google.firebase:firebase-installations:17.1.0] AndroidManifest.xml:19:17-82
131        </service>
132        <service
132-->[:firebase_messaging] AndroidManifest.xml:12:9-15:72
133            android:name="io.flutter.plugins.firebase.messaging.FlutterFirebaseMessagingBackgroundService"
133-->[:firebase_messaging] AndroidManifest.xml:13:13-107
134            android:exported="false"
134-->[:firebase_messaging] AndroidManifest.xml:14:13-37
135            android:permission="android.permission.BIND_JOB_SERVICE" />
135-->[:firebase_messaging] AndroidManifest.xml:15:13-69
136        <service
136-->[:firebase_messaging] AndroidManifest.xml:16:9-22:19
137            android:name="io.flutter.plugins.firebase.messaging.FlutterFirebaseMessagingService"
137-->[:firebase_messaging] AndroidManifest.xml:17:13-97
138            android:exported="false" >
138-->[:firebase_messaging] AndroidManifest.xml:18:13-37
139            <intent-filter>
139-->[:firebase_messaging] AndroidManifest.xml:19:13-21:29
140                <action android:name="com.google.firebase.MESSAGING_EVENT" />
140-->[:firebase_messaging] AndroidManifest.xml:20:17-78
140-->[:firebase_messaging] AndroidManifest.xml:20:25-75
141            </intent-filter>
142        </service>
143
144        <receiver
144-->[:firebase_messaging] AndroidManifest.xml:24:9-31:20
145            android:name="io.flutter.plugins.firebase.messaging.FlutterFirebaseMessagingReceiver"
145-->[:firebase_messaging] AndroidManifest.xml:25:13-98
146            android:exported="true"
146-->[:firebase_messaging] AndroidManifest.xml:26:13-36
147            android:permission="com.google.android.c2dm.permission.SEND" >
147-->[:firebase_messaging] AndroidManifest.xml:27:13-73
148            <intent-filter>
148-->[:firebase_messaging] AndroidManifest.xml:28:13-30:29
149                <action android:name="com.google.android.c2dm.intent.RECEIVE" />
149-->[:firebase_messaging] AndroidManifest.xml:29:17-81
149-->[:firebase_messaging] AndroidManifest.xml:29:25-78
150            </intent-filter>
151        </receiver>
152
153        <provider
153-->[:firebase_messaging] AndroidManifest.xml:39:9-43:38
154            android:name="io.flutter.plugins.firebase.messaging.FlutterFirebaseMessagingInitProvider"
154-->[:firebase_messaging] AndroidManifest.xml:40:13-102
155            android:authorities="cherriteam.sellermodule.multivendor.flutterfirebasemessaginginitprovider"
155-->[:firebase_messaging] AndroidManifest.xml:41:13-88
156            android:exported="false"
156-->[:firebase_messaging] AndroidManifest.xml:42:13-37
157            android:initOrder="99" />
157-->[:firebase_messaging] AndroidManifest.xml:43:13-35
158        <provider
158-->[:image_picker_android] AndroidManifest.xml:8:9-16:20
159            android:name="io.flutter.plugins.imagepicker.ImagePickerFileProvider"
159-->[:image_picker_android] AndroidManifest.xml:9:13-82
160            android:authorities="cherriteam.sellermodule.multivendor.flutter.image_provider"
160-->[:image_picker_android] AndroidManifest.xml:10:13-74
161            android:exported="false"
161-->[:image_picker_android] AndroidManifest.xml:11:13-37
162            android:grantUriPermissions="true" >
162-->[:image_picker_android] AndroidManifest.xml:12:13-47
163            <meta-data
163-->[:image_picker_android] AndroidManifest.xml:13:13-15:75
164                android:name="android.support.FILE_PROVIDER_PATHS"
164-->[:image_picker_android] AndroidManifest.xml:14:17-67
165                android:resource="@xml/flutter_image_picker_file_paths" />
165-->[:image_picker_android] AndroidManifest.xml:15:17-72
166        </provider>
167
168        <receiver
168-->[:flutter_local_notifications] AndroidManifest.xml:13:9-15:40
169            android:name="com.dexterous.flutterlocalnotifications.ScheduledNotificationReceiver"
169-->[:flutter_local_notifications] AndroidManifest.xml:14:13-97
170            android:exported="false" />
170-->[:flutter_local_notifications] AndroidManifest.xml:15:13-37
171        <receiver
171-->[:flutter_local_notifications] AndroidManifest.xml:16:9-25:20
172            android:name="com.dexterous.flutterlocalnotifications.ScheduledNotificationBootReceiver"
172-->[:flutter_local_notifications] AndroidManifest.xml:17:13-101
173            android:exported="false" >
173-->[:flutter_local_notifications] AndroidManifest.xml:18:13-37
174            <intent-filter>
174-->[:flutter_local_notifications] AndroidManifest.xml:19:13-24:29
175                <action android:name="android.intent.action.BOOT_COMPLETED" />
175-->[:flutter_local_notifications] AndroidManifest.xml:20:17-79
175-->[:flutter_local_notifications] AndroidManifest.xml:20:25-76
176                <action android:name="android.intent.action.MY_PACKAGE_REPLACED" />
176-->[:flutter_local_notifications] AndroidManifest.xml:21:17-84
176-->[:flutter_local_notifications] AndroidManifest.xml:21:25-81
177                <action android:name="android.intent.action.QUICKBOOT_POWERON" />
177-->[:flutter_local_notifications] AndroidManifest.xml:22:17-82
177-->[:flutter_local_notifications] AndroidManifest.xml:22:25-79
178                <action android:name="com.htc.intent.action.QUICKBOOT_POWERON" />
178-->[:flutter_local_notifications] AndroidManifest.xml:23:17-82
178-->[:flutter_local_notifications] AndroidManifest.xml:23:25-79
179            </intent-filter>
180        </receiver>
181
182        <activity
182-->[:url_launcher_android] AndroidManifest.xml:8:9-11:74
183            android:name="io.flutter.plugins.urllauncher.WebViewActivity"
183-->[:url_launcher_android] AndroidManifest.xml:9:13-74
184            android:exported="false"
184-->[:url_launcher_android] AndroidManifest.xml:10:13-37
185            android:theme="@android:style/Theme.NoTitleBar.Fullscreen" />
185-->[:url_launcher_android] AndroidManifest.xml:11:13-71
186        <activity
186-->[:flutter_inappwebview] AndroidManifest.xml:14:9-18:47
187            android:name="com.pichillilorenzo.flutter_inappwebview.in_app_browser.InAppBrowserActivity"
187-->[:flutter_inappwebview] AndroidManifest.xml:15:13-104
188            android:configChanges="orientation|keyboardHidden|keyboard|screenSize|locale|layoutDirection|fontScale|screenLayout|density"
188-->[:flutter_inappwebview] AndroidManifest.xml:16:13-137
189            android:exported="true"
189-->[:flutter_inappwebview] AndroidManifest.xml:17:13-36
190            android:theme="@style/AppTheme" />
190-->[:flutter_inappwebview] AndroidManifest.xml:18:13-44
191        <activity
191-->[:flutter_inappwebview] AndroidManifest.xml:19:9-22:55
192            android:name="com.pichillilorenzo.flutter_inappwebview.chrome_custom_tabs.ChromeCustomTabsActivity"
192-->[:flutter_inappwebview] AndroidManifest.xml:20:13-112
193            android:exported="true"
193-->[:flutter_inappwebview] AndroidManifest.xml:21:13-36
194            android:theme="@style/ThemeTransparent" />
194-->[:flutter_inappwebview] AndroidManifest.xml:22:13-52
195        <activity
195-->[:flutter_inappwebview] AndroidManifest.xml:23:9-26:55
196            android:name="com.pichillilorenzo.flutter_inappwebview.chrome_custom_tabs.TrustedWebActivity"
196-->[:flutter_inappwebview] AndroidManifest.xml:24:13-106
197            android:exported="true"
197-->[:flutter_inappwebview] AndroidManifest.xml:25:13-36
198            android:theme="@style/ThemeTransparent" />
198-->[:flutter_inappwebview] AndroidManifest.xml:26:13-52
199        <activity
199-->[:flutter_inappwebview] AndroidManifest.xml:27:9-31:55
200            android:name="com.pichillilorenzo.flutter_inappwebview.chrome_custom_tabs.ChromeCustomTabsActivitySingleInstance"
200-->[:flutter_inappwebview] AndroidManifest.xml:28:13-126
201            android:exported="true"
201-->[:flutter_inappwebview] AndroidManifest.xml:29:13-36
202            android:launchMode="singleInstance"
202-->[:flutter_inappwebview] AndroidManifest.xml:30:13-48
203            android:theme="@style/ThemeTransparent" />
203-->[:flutter_inappwebview] AndroidManifest.xml:31:13-52
204        <activity
204-->[:flutter_inappwebview] AndroidManifest.xml:32:9-36:55
205            android:name="com.pichillilorenzo.flutter_inappwebview.chrome_custom_tabs.TrustedWebActivitySingleInstance"
205-->[:flutter_inappwebview] AndroidManifest.xml:33:13-120
206            android:exported="true"
206-->[:flutter_inappwebview] AndroidManifest.xml:34:13-36
207            android:launchMode="singleInstance"
207-->[:flutter_inappwebview] AndroidManifest.xml:35:13-48
208            android:theme="@style/ThemeTransparent" />
208-->[:flutter_inappwebview] AndroidManifest.xml:36:13-52
209
210        <receiver
210-->[:flutter_inappwebview] AndroidManifest.xml:38:9-41:40
211            android:name="com.pichillilorenzo.flutter_inappwebview.chrome_custom_tabs.ActionBroadcastReceiver"
211-->[:flutter_inappwebview] AndroidManifest.xml:39:13-111
212            android:enabled="true"
212-->[:flutter_inappwebview] AndroidManifest.xml:40:13-35
213            android:exported="false" />
213-->[:flutter_inappwebview] AndroidManifest.xml:41:13-37
214
215        <meta-data
215-->[:flutter_inappwebview] AndroidManifest.xml:43:9-45:36
216            android:name="io.flutter.embedded_views_preview"
216-->[:flutter_inappwebview] AndroidManifest.xml:44:13-61
217            android:value="true" />
217-->[:flutter_inappwebview] AndroidManifest.xml:45:13-33
218
219        <uses-library
219-->[androidx.window:window:1.0.0-beta04] AndroidManifest.xml:25:9-27:40
220            android:name="androidx.window.extensions"
220-->[androidx.window:window:1.0.0-beta04] AndroidManifest.xml:26:13-54
221            android:required="false" />
221-->[androidx.window:window:1.0.0-beta04] AndroidManifest.xml:27:13-37
222        <uses-library
222-->[androidx.window:window:1.0.0-beta04] AndroidManifest.xml:28:9-30:40
223            android:name="androidx.window.sidecar"
223-->[androidx.window:window:1.0.0-beta04] AndroidManifest.xml:29:13-51
224            android:required="false" />
224-->[androidx.window:window:1.0.0-beta04] AndroidManifest.xml:30:13-37
225
226        <receiver
226-->[com.google.firebase:firebase-messaging:23.1.0] AndroidManifest.xml:31:9-38:20
227            android:name="com.google.firebase.iid.FirebaseInstanceIdReceiver"
227-->[com.google.firebase:firebase-messaging:23.1.0] AndroidManifest.xml:32:13-78
228            android:exported="true"
228-->[com.google.firebase:firebase-messaging:23.1.0] AndroidManifest.xml:33:13-36
229            android:permission="com.google.android.c2dm.permission.SEND" >
229-->[com.google.firebase:firebase-messaging:23.1.0] AndroidManifest.xml:34:13-73
230            <intent-filter>
230-->[:firebase_messaging] AndroidManifest.xml:28:13-30:29
231                <action android:name="com.google.android.c2dm.intent.RECEIVE" />
231-->[:firebase_messaging] AndroidManifest.xml:29:17-81
231-->[:firebase_messaging] AndroidManifest.xml:29:25-78
232            </intent-filter>
233        </receiver>
234        <!--
235             FirebaseMessagingService performs security checks at runtime,
236             but set to not exported to explicitly avoid allowing another app to call it.
237        -->
238        <service
238-->[com.google.firebase:firebase-messaging:23.1.0] AndroidManifest.xml:44:9-51:19
239            android:name="com.google.firebase.messaging.FirebaseMessagingService"
239-->[com.google.firebase:firebase-messaging:23.1.0] AndroidManifest.xml:45:13-82
240            android:directBootAware="true"
240-->[com.google.firebase:firebase-messaging:23.1.0] AndroidManifest.xml:46:13-43
241            android:exported="false" >
241-->[com.google.firebase:firebase-messaging:23.1.0] AndroidManifest.xml:47:13-37
242            <intent-filter android:priority="-500" >
242-->[:firebase_messaging] AndroidManifest.xml:19:13-21:29
243                <action android:name="com.google.firebase.MESSAGING_EVENT" />
243-->[:firebase_messaging] AndroidManifest.xml:20:17-78
243-->[:firebase_messaging] AndroidManifest.xml:20:25-75
244            </intent-filter>
245        </service>
246        <service
246-->[com.google.android.datatransport:transport-backend-cct:3.1.8] AndroidManifest.xml:28:9-34:19
247            android:name="com.google.android.datatransport.runtime.backends.TransportBackendDiscovery"
247-->[com.google.android.datatransport:transport-backend-cct:3.1.8] AndroidManifest.xml:29:13-103
248            android:exported="false" >
248-->[com.google.android.datatransport:transport-backend-cct:3.1.8] AndroidManifest.xml:30:13-37
249            <meta-data
249-->[com.google.android.datatransport:transport-backend-cct:3.1.8] AndroidManifest.xml:31:13-33:39
250                android:name="backend:com.google.android.datatransport.cct.CctBackendFactory"
250-->[com.google.android.datatransport:transport-backend-cct:3.1.8] AndroidManifest.xml:32:17-94
251                android:value="cct" />
251-->[com.google.android.datatransport:transport-backend-cct:3.1.8] AndroidManifest.xml:33:17-36
252        </service>
253        <service
253-->[com.google.android.datatransport:transport-runtime:3.1.8] AndroidManifest.xml:26:9-30:19
254            android:name="com.google.android.datatransport.runtime.scheduling.jobscheduling.JobInfoSchedulerService"
254-->[com.google.android.datatransport:transport-runtime:3.1.8] AndroidManifest.xml:27:13-117
255            android:exported="false"
255-->[com.google.android.datatransport:transport-runtime:3.1.8] AndroidManifest.xml:28:13-37
256            android:permission="android.permission.BIND_JOB_SERVICE" >
256-->[com.google.android.datatransport:transport-runtime:3.1.8] AndroidManifest.xml:29:13-69
257        </service>
258
259        <receiver
259-->[com.google.android.datatransport:transport-runtime:3.1.8] AndroidManifest.xml:32:9-34:40
260            android:name="com.google.android.datatransport.runtime.scheduling.jobscheduling.AlarmManagerSchedulerBroadcastReceiver"
260-->[com.google.android.datatransport:transport-runtime:3.1.8] AndroidManifest.xml:33:13-132
261            android:exported="false" />
261-->[com.google.android.datatransport:transport-runtime:3.1.8] AndroidManifest.xml:34:13-37
262
263        <activity
263-->[com.google.firebase:firebase-auth:21.1.0] AndroidManifest.xml:27:9-44:20
264            android:name="com.google.firebase.auth.internal.GenericIdpActivity"
264-->[com.google.firebase:firebase-auth:21.1.0] AndroidManifest.xml:28:13-80
265            android:excludeFromRecents="true"
265-->[com.google.firebase:firebase-auth:21.1.0] AndroidManifest.xml:29:13-46
266            android:exported="true"
266-->[com.google.firebase:firebase-auth:21.1.0] AndroidManifest.xml:30:13-36
267            android:launchMode="singleTask"
267-->[com.google.firebase:firebase-auth:21.1.0] AndroidManifest.xml:31:13-44
268            android:theme="@android:style/Theme.Translucent.NoTitleBar" >
268-->[com.google.firebase:firebase-auth:21.1.0] AndroidManifest.xml:32:13-72
269            <intent-filter>
269-->[com.google.firebase:firebase-auth:21.1.0] AndroidManifest.xml:33:13-43:29
270                <action android:name="android.intent.action.VIEW" />
270-->[com.google.firebase:firebase-auth:21.1.0] AndroidManifest.xml:34:17-69
270-->[com.google.firebase:firebase-auth:21.1.0] AndroidManifest.xml:34:25-66
271
272                <category android:name="android.intent.category.DEFAULT" />
272-->src\main\AndroidManifest.xml:36:17-75
272-->src\main\AndroidManifest.xml:36:27-73
273                <category android:name="android.intent.category.BROWSABLE" />
273-->[com.google.firebase:firebase-auth:21.1.0] AndroidManifest.xml:37:17-78
273-->[com.google.firebase:firebase-auth:21.1.0] AndroidManifest.xml:37:27-75
274
275                <data
275-->[:file_picker] AndroidManifest.xml:13:13-44